Build started 2017.04.22. 6:28:55.
     1>Project "C:\Users\Rol\Documents\CodeBlocks\Projects\szakdoga_gyak_4\MIME.vcxproj" on node 2 (Build target(s)).
     1>ClCompile:
         C:\Program Files (x86)\Microsoft Visual Studio 12.0\VC\bin\CL.exe /c /I"-lpthread" /Zi /nologo /W3 /WX- /Od /Oy- /D WIN32 /D _DEBUG /D _WINDOWS /Gm /EHsc /RTC1 /MDd /GS /fp:precise /Zc:wchar_t /Zc:forScope /Fo"Debug\\" /Fd"Debug\vc120.pdb" /Gd /TP /analyze- /errorReport:prompt Config.cpp Controller.cpp Server.cpp Suggestion.cpp View.cpp main.cpp
         main.cpp
     1>c:\users\rol\documents\codeblocks\projects\szakdoga_gyak_4\includes.h(19): fatal error C1083: Cannot open include file: 'pthread.h': No such file or directory
         View.cpp
     1>c:\users\rol\documents\codeblocks\projects\szakdoga_gyak_4\includes.h(19): fatal error C1083: Cannot open include file: 'pthread.h': No such file or directory
         Suggestion.cpp
     1>c:\users\rol\documents\codeblocks\projects\szakdoga_gyak_4\includes.h(19): fatal error C1083: Cannot open include file: 'pthread.h': No such file or directory
         Server.cpp
     1>c:\users\rol\documents\codeblocks\projects\szakdoga_gyak_4\includes.h(19): fatal error C1083: Cannot open include file: 'pthread.h': No such file or directory
         Controller.cpp
     1>c:\users\rol\documents\codeblocks\projects\szakdoga_gyak_4\includes.h(19): fatal error C1083: Cannot open include file: 'pthread.h': No such file or directory
         Config.cpp
     1>c:\users\rol\documents\codeblocks\projects\szakdoga_gyak_4\includes.h(19): fatal error C1083: Cannot open include file: 'pthread.h': No such file or directory
         Generating Code...
     1>Done Building Project "C:\Users\Rol\Documents\CodeBlocks\Projects\szakdoga_gyak_4\MIME.vcxproj" (Build target(s)) -- FAILED.

Build FAILED.

Time Elapsed 00:00:10.97
